<?xml version="1.0" encoding="UTF-8"?>
<!-- Generated by org.testng.reporters.JUnitReportReporter -->
<testsuite hostname="IlhamImani" failures="0" tests="1" name="com.codenbox.Appium.Base" time="12.633" errors="0" timestamp="2024-05-16T22:42:29 WIB" skipped="0">
  <testcase classname="com.codenbox.Appium.Base" name="startDriver" time="12.633"/>
  <system-out/>
</testsuite> <!-- com.codenbox.Appium.Base -->
