<?xml version="1.0" encoding="UTF-8"?>
<!-- Generated by org.testng.reporters.JUnitReportReporter -->
<testsuite hostname="IlhamImani" failures="0" tests="1" name="com.codenbox.Appium.ScrollTest" time="6.728" errors="0" timestamp="2024-06-05T21:59:34 WIB" skipped="0">
  <testcase classname="com.codenbox.Appium.ScrollTest" name="scrollTest" time="6.728"/>
  <system-out/>
</testsuite> <!-- com.codenbox.Appium.ScrollTest -->
