<?xml version="1.0" encoding="UTF-8"?>
<!-- Generated by org.testng.reporters.JUnitReportReporter -->
<testsuite hostname="IlhamImani" failures="0" tests="1" name="com.codenbox.Appium.Swipe" time="5.112" errors="0" timestamp="2024-08-07T23:23:58 WIB" skipped="0">
  <testcase classname="com.codenbox.Appium.Swipe" name="SwipeTest" time="5.112"/>
  <system-out/>
</testsuite> <!-- com.codenbox.Appium.Swipe -->
