<?xml version="1.0" encoding="UTF-8"?>
<!-- Generated by org.testng.reporters.JUnitReportReporter -->
<testsuite hostname="IlhamImani" failures="0" tests="1" name="com.codenbox.Appium.Base" time="46.431" errors="0" timestamp="2024-05-15T22:14:31 WIB" skipped="0">
  <testcase classname="com.codenbox.Appium.Base" name="configureAppium" time="46.431"/>
  <system-out/>
</testsuite> <!-- com.codenbox.Appium.Base -->
