<?xml version="1.0" encoding="UTF-8"?>
<!-- Generated by org.testng.reporters.JUnitReportReporter -->
<testsuite hostname="IlhamImani" failures="0" tests="1" name="com.codenbox.Appium.SetWifi" time="6.624" errors="0" timestamp="2024-05-18T01:06:46 WIB" skipped="0">
  <testcase classname="com.codenbox.Appium.SetWifi" name="setwifiTest" time="6.624"/>
  <system-out/>
</testsuite> <!-- com.codenbox.Appium.SetWifi -->
