<?xml version="1.0" encoding="UTF-8"?>
<!-- Generated by org.testng.reporters.JUnitReportReporter -->
<testsuite hostname="IlhamImani" failures="0" tests="1" name="com.codenbox.Appium.ViewText" time="4.747" errors="0" timestamp="2024-05-18T01:36:34 WIB" skipped="0">
  <testcase classname="com.codenbox.Appium.ViewText" name="ViewTextTest" time="4.747"/>
  <system-out/>
</testsuite> <!-- com.codenbox.Appium.ViewText -->
