<?xml version="1.0" encoding="UTF-8"?>
<!-- Generated by org.testng.reporters.JUnitReportReporter -->
<testsuite hostname="IlhamImani" failures="0" tests="1" name="com.codenbox.Appium.LongPress" time="5.245" errors="0" timestamp="2024-08-06T23:25:31 WIB" skipped="0">
  <testcase classname="com.codenbox.Appium.LongPress" name="longPressTest" time="5.245"/>
  <system-out/>
</testsuite> <!-- com.codenbox.Appium.LongPress -->
