<?xml version="1.0" encoding="UTF-8"?>
<!-- Generated by org.testng.reporters.JUnitReportReporter -->
<testsuite hostname="IlhamImani" failures="0" tests="1" name="com.codenbox.Appium.SetWifi" time="5.476" errors="0" timestamp="2024-05-17T01:16:26 WIB" skipped="0">
  <testcase classname="com.codenbox.Appium.SetWifi" name="setwifiTest" time="5.476"/>
  <system-out/>
</testsuite> <!-- com.codenbox.Appium.SetWifi -->
